<?xml version="1.0" encoding="UTF-8"?>
<TestRun id="6a4b1f02-36c1-4c0d-9da3-e8515f002e2e" name="glittle@SUNLAP200 2011-10-10 21:47:35" runUser="SUNCORP\glittle" xmlns="http://microsoft.com/schemas/VisualStudio/TeamTest/2010">
  <TestSettings name="Local" id="45670355-df23-4383-86da-d2f44957bcac">
    <Description>These are default test settings for a local test run.</Description>
    <Deployment enabled="false" runDeploymentRoot="glittle_SUNLAP200 2011-10-10 21_47_35">
      <DeploymentItem filename="C:\Users\Glen\Bahai\TallyJ\V2d\Server\Site\Site\bin\TallyJ.dll" />
    </Deployment>
    <Execution>
      <TestTypeSpecific />
      <AgentRule name="Execution Agents">
      </AgentRule>
    </Execution>
  </TestSettings>
  <Times creation="2011-10-10T21:47:35.1875000-06:00" queuing="2011-10-10T21:47:46.1562500-06:00" start="2011-10-10T21:47:46.3906250-06:00" finish="2011-10-10T21:47:48.4687500-06:00" />
  <ResultSummary outcome="Completed">
    <Counters total="1" executed="1" passed="1" error="0" failed="0" timeout="0" aborted="0" inconclusive="0" passedButRunAborted="0" notRunnable="0" notExecuted="0" disconnected="0" warning="0" completed="0" inProgress="0" pending="0" />
  </ResultSummary>
  <TestDefinitions>
    <UnitTest name="SearchTest" storage="c:\users\glen\bahai\tallyj\v2d\server\site\tests\bin\debug\tests.dll" id="eff957c9-1013-d0e6-afa3-d648532a88e3">
      <Execution id="37c5f9c8-059a-417e-bfd6-3f59cd132cf2" />
      <TestMethod codeBase="C:/Users/Glen/Bahai/TallyJ/V2d/Server/Site/Tests/bin/Debug/Tests.DLL" adapterTypeName="Microsoft.VisualStudio.TestTools.TestTypes.Unit.UnitTestAdapter, Microsoft.VisualStudio.QualityTools.Tips.UnitTest.Adapter, Version=10.0.0.0, Culture=neutral, PublicKeyToken=b03f5f7f11d50a3a" className="Tests.BusinessTests.PeopleTests, Tests, Version=1.0.0.0, Culture=neutral, PublicKeyToken=null" name="SearchTest" />
    </UnitTest>
  </TestDefinitions>
  <TestLists>
    <TestList name="Results Not in a List" id="8c84fa94-04c1-424b-9868-57a2d4851a1d" />
    <TestList name="All Loaded Results" id="19431567-8539-422a-85d7-44ee4e166bda" />
  </TestLists>
  <TestEntries>
    <TestEntry testId="eff957c9-1013-d0e6-afa3-d648532a88e3" executionId="37c5f9c8-059a-417e-bfd6-3f59cd132cf2" testListId="8c84fa94-04c1-424b-9868-57a2d4851a1d" />
  </TestEntries>
  <Results>
    <UnitTestResult executionId="37c5f9c8-059a-417e-bfd6-3f59cd132cf2" testId="eff957c9-1013-d0e6-afa3-d648532a88e3" testName="SearchTest" computerName="SUNLAP200" duration="00:00:00.1995809" startTime="2011-10-10T21:47:46.6250000-06:00" endTime="2011-10-10T21:47:48.2343750-06:00" testType="13cdc9d9-ddb5-4fa4-a97d-d965ccfc6d4b" outcome="Passed" testListId="8c84fa94-04c1-424b-9868-57a2d4851a1d" relativeResultsDirectory="37c5f9c8-059a-417e-bfd6-3f59cd132cf2">
    </UnitTestResult>
  </Results>
</TestRun>