<?xml version="1.0" encoding="UTF-8"?>
<TestRun id="358319df-bba1-4ce3-bf24-ebb6a005b629" name="glittle@SUNLAP200 2011-10-10 21:54:49" runUser="SUNCORP\glittle" xmlns="http://microsoft.com/schemas/VisualStudio/TeamTest/2010">
  <TestSettings name="Local" id="45670355-df23-4383-86da-d2f44957bcac">
    <Description>These are default test settings for a local test run.</Description>
    <Deployment enabled="false" runDeploymentRoot="glittle_SUNLAP200 2011-10-10 21_54_49">
      <DeploymentItem filename="C:\Users\Glen\Bahai\TallyJ\V2d\Server\Site\Site\bin\TallyJ.dll" />
    </Deployment>
    <Execution>
      <TestTypeSpecific />
      <AgentRule name="Execution Agents">
      </AgentRule>
    </Execution>
  </TestSettings>
  <Times creation="2011-10-10T21:54:49.8281250-06:00" queuing="2011-10-10T21:54:50.2656250-06:00" start="2011-10-10T21:54:50.3125000-06:00" finish="2011-10-10T21:54:50.7343750-06:00" />
  <ResultSummary outcome="Completed">
    <Counters total="4" executed="4" passed="4" error="0" failed="0" timeout="0" aborted="0" inconclusive="0" passedButRunAborted="0" notRunnable="0" notExecuted="0" disconnected="0" warning="0" completed="0" inProgress="0" pending="0" />
  </ResultSummary>
  <TestDefinitions>
    <UnitTest name="JoinedAsStringTest1" storage="c:\users\glen\bahai\tallyj\v2d\server\site\tests\bin\debug\tests.dll" id="5c3cc45e-7c98-67cc-9019-c9a2b4732d8c">
      <Execution id="1261226c-7aa6-4e5d-9bbb-10e54efed60f" />
      <TestMethod codeBase="C:/Users/Glen/Bahai/TallyJ/V2d/Server/Site/Tests/bin/Debug/Tests.DLL" adapterTypeName="Microsoft.VisualStudio.TestTools.TestTypes.Unit.UnitTestAdapter, Microsoft.VisualStudio.QualityTools.Tips.UnitTest.Adapter, Version=10.0.0.0, Culture=neutral, PublicKeyToken=b03f5f7f11d50a3a" className="Tests.FrameworkTests.ExtensionTests, Tests, Version=1.0.0.0, Culture=neutral, PublicKeyToken=null" name="JoinedAsStringTest1" />
    </UnitTest>
    <UnitTest name="SearchTest_FirstLast_Match" storage="c:\users\glen\bahai\tallyj\v2d\server\site\tests\bin\debug\tests.dll" id="3fcb5ec7-8186-9c17-46aa-43555f8b9c4f">
      <Execution id="38af6f87-a3f9-40b1-83cd-e017884dd46a" />
      <TestMethod codeBase="C:/Users/Glen/Bahai/TallyJ/V2d/Server/Site/Tests/bin/Debug/Tests.DLL" adapterTypeName="Microsoft.VisualStudio.TestTools.TestTypes.Unit.UnitTestAdapter, Microsoft.VisualStudio.QualityTools.Tips.UnitTest.Adapter, Version=10.0.0.0, Culture=neutral, PublicKeyToken=b03f5f7f11d50a3a" className="Tests.BusinessTests.PeopleTests, Tests, Version=1.0.0.0, Culture=neutral, PublicKeyToken=null" name="SearchTest_FirstLast_Match" />
    </UnitTest>
    <UnitTest name="SearchTest_FirstName" storage="c:\users\glen\bahai\tallyj\v2d\server\site\tests\bin\debug\tests.dll" id="343bb677-cf22-3ae5-a231-60662c4b16be">
      <Execution id="57b3887c-900e-40df-b604-1acdf16bb858" />
      <TestMethod codeBase="C:/Users/Glen/Bahai/TallyJ/V2d/Server/Site/Tests/bin/Debug/Tests.DLL" adapterTypeName="Microsoft.VisualStudio.TestTools.TestTypes.Unit.UnitTestAdapter, Microsoft.VisualStudio.QualityTools.Tips.UnitTest.Adapter, Version=10.0.0.0, Culture=neutral, PublicKeyToken=b03f5f7f11d50a3a" className="Tests.BusinessTests.PeopleTests, Tests, Version=1.0.0.0, Culture=neutral, PublicKeyToken=null" name="SearchTest_FirstName" />
    </UnitTest>
    <UnitTest name="SearchTest_FirstLast_NoMatch" storage="c:\users\glen\bahai\tallyj\v2d\server\site\tests\bin\debug\tests.dll" id="8d96ede1-7acc-67d6-1586-6375f18dafdb">
      <Execution id="4a1bef3e-714f-4004-9661-7f0abeba166c" />
      <TestMethod codeBase="C:/Users/Glen/Bahai/TallyJ/V2d/Server/Site/Tests/bin/Debug/Tests.DLL" adapterTypeName="Microsoft.VisualStudio.TestTools.TestTypes.Unit.UnitTestAdapter, Microsoft.VisualStudio.QualityTools.Tips.UnitTest.Adapter, Version=10.0.0.0, Culture=neutral, PublicKeyToken=b03f5f7f11d50a3a" className="Tests.BusinessTests.PeopleTests, Tests, Version=1.0.0.0, Culture=neutral, PublicKeyToken=null" name="SearchTest_FirstLast_NoMatch" />
    </UnitTest>
  </TestDefinitions>
  <TestLists>
    <TestList name="Results Not in a List" id="8c84fa94-04c1-424b-9868-57a2d4851a1d" />
    <TestList name="All Loaded Results" id="19431567-8539-422a-85d7-44ee4e166bda" />
  </TestLists>
  <TestEntries>
    <TestEntry testId="343bb677-cf22-3ae5-a231-60662c4b16be" executionId="57b3887c-900e-40df-b604-1acdf16bb858" testListId="8c84fa94-04c1-424b-9868-57a2d4851a1d" />
    <TestEntry testId="3fcb5ec7-8186-9c17-46aa-43555f8b9c4f" executionId="38af6f87-a3f9-40b1-83cd-e017884dd46a" testListId="8c84fa94-04c1-424b-9868-57a2d4851a1d" />
    <TestEntry testId="5c3cc45e-7c98-67cc-9019-c9a2b4732d8c" executionId="1261226c-7aa6-4e5d-9bbb-10e54efed60f" testListId="8c84fa94-04c1-424b-9868-57a2d4851a1d" />
    <TestEntry testId="8d96ede1-7acc-67d6-1586-6375f18dafdb" executionId="4a1bef3e-714f-4004-9661-7f0abeba166c" testListId="8c84fa94-04c1-424b-9868-57a2d4851a1d" />
  </TestEntries>
  <Results>
    <UnitTestResult executionId="57b3887c-900e-40df-b604-1acdf16bb858" testId="343bb677-cf22-3ae5-a231-60662c4b16be" testName="SearchTest_FirstName" computerName="SUNLAP200" duration="00:00:00.0385373" startTime="2011-10-10T21:54:50.3281250-06:00" endTime="2011-10-10T21:54:50.6718750-06:00" testType="13cdc9d9-ddb5-4fa4-a97d-d965ccfc6d4b" outcome="Passed" testListId="8c84fa94-04c1-424b-9868-57a2d4851a1d" relativeResultsDirectory="57b3887c-900e-40df-b604-1acdf16bb858">
    </UnitTestResult>
    <UnitTestResult executionId="38af6f87-a3f9-40b1-83cd-e017884dd46a" testId="3fcb5ec7-8186-9c17-46aa-43555f8b9c4f" testName="SearchTest_FirstLast_Match" computerName="SUNLAP200" duration="00:00:00.0070254" startTime="2011-10-10T21:54:50.6718750-06:00" endTime="2011-10-10T21:54:50.6875000-06:00" testType="13cdc9d9-ddb5-4fa4-a97d-d965ccfc6d4b" outcome="Passed" testListId="8c84fa94-04c1-424b-9868-57a2d4851a1d" relativeResultsDirectory="38af6f87-a3f9-40b1-83cd-e017884dd46a">
    </UnitTestResult>
    <UnitTestResult executionId="1261226c-7aa6-4e5d-9bbb-10e54efed60f" testId="5c3cc45e-7c98-67cc-9019-c9a2b4732d8c" testName="JoinedAsStringTest1" computerName="SUNLAP200" duration="00:00:00.0007051" startTime="2011-10-10T21:54:50.6875000-06:00" endTime="2011-10-10T21:54:50.7031250-06:00" testType="13cdc9d9-ddb5-4fa4-a97d-d965ccfc6d4b" outcome="Passed" testListId="8c84fa94-04c1-424b-9868-57a2d4851a1d" relativeResultsDirectory="1261226c-7aa6-4e5d-9bbb-10e54efed60f">
    </UnitTestResult>
    <UnitTestResult executionId="4a1bef3e-714f-4004-9661-7f0abeba166c" testId="8d96ede1-7acc-67d6-1586-6375f18dafdb" testName="SearchTest_FirstLast_NoMatch" computerName="SUNLAP200" duration="00:00:00.0027978" startTime="2011-10-10T21:54:50.7031250-06:00" endTime="2011-10-10T21:54:50.7031250-06:00" testType="13cdc9d9-ddb5-4fa4-a97d-d965ccfc6d4b" outcome="Passed" testListId="8c84fa94-04c1-424b-9868-57a2d4851a1d" relativeResultsDirectory="4a1bef3e-714f-4004-9661-7f0abeba166c">
    </UnitTestResult>
  </Results>
</TestRun>