<?xml version="1.0" encoding="UTF-8"?>
<TestRun id="8abb03b9-5174-4d2d-888f-2399af2f5255" name="glittle@SUNLAP200 2011-10-11 00:50:24" runUser="SUNCORP\glittle" xmlns="http://microsoft.com/schemas/VisualStudio/TeamTest/2010">
  <TestSettings name="Local" id="45670355-df23-4383-86da-d2f44957bcac">
    <Description>These are default test settings for a local test run.</Description>
    <Deployment enabled="false" runDeploymentRoot="glittle_SUNLAP200 2011-10-11 00_50_24">
      <DeploymentItem filename="C:\Users\Glen\Bahai\TallyJ\V2d\Server\Site\Site\bin\TallyJ.dll" />
    </Deployment>
    <Execution>
      <TestTypeSpecific />
      <AgentRule name="Execution Agents">
      </AgentRule>
    </Execution>
  </TestSettings>
  <Times creation="2011-10-11T00:50:24.5156250-06:00" queuing="2011-10-11T00:50:26.9375000-06:00" start="2011-10-11T00:50:27.1875000-06:00" finish="2011-10-11T00:50:29.1093750-06:00" />
  <ResultSummary outcome="Error">
    <Counters total="5" executed="1" error="0" failed="0" timeout="0" aborted="1" inconclusive="0" passedButRunAborted="0" notRunnable="0" notExecuted="4" disconnected="0" warning="0" passed="0" completed="0" inProgress="0" pending="0" />
    <RunInfos>
      <RunInfo computerName="SUNLAP200" outcome="Error" timestamp="2011-10-11T00:50:29.1093750-06:00">
        <Text>Test host process exited unexpectedly.</Text>
      </RunInfo>
    </RunInfos>
  </ResultSummary>
  <TestDefinitions>
    <UnitTest name="SearchTest_FirstLast_SameMatch" storage="c:\users\glen\bahai\tallyj\v2d\server\site\tests\bin\debug\tests.dll" id="7eee367a-1e2e-56f5-0d32-cb37b4177a56">
      <Execution id="857df030-1b8a-4652-9076-0c002767c8b9" />
      <TestMethod codeBase="C:/Users/Glen/Bahai/TallyJ/V2d/Server/Site/Tests/bin/Debug/Tests.DLL" adapterTypeName="Microsoft.VisualStudio.TestTools.TestTypes.Unit.UnitTestAdapter, Microsoft.VisualStudio.QualityTools.Tips.UnitTest.Adapter, Version=10.0.0.0, Culture=neutral, PublicKeyToken=b03f5f7f11d50a3a" className="Tests.BusinessTests.PeopleTests, Tests, Version=1.0.0.0, Culture=neutral, PublicKeyToken=null" name="SearchTest_FirstLast_SameMatch" />
    </UnitTest>
    <UnitTest name="SearchTest_FirstName" storage="c:\users\glen\bahai\tallyj\v2d\server\site\tests\bin\debug\tests.dll" id="343bb677-cf22-3ae5-a231-60662c4b16be">
      <Execution id="4936e09d-011c-4ffb-b9a2-2d8273e82d05" />
      <TestMethod codeBase="C:/Users/Glen/Bahai/TallyJ/V2d/Server/Site/Tests/bin/Debug/Tests.DLL" adapterTypeName="Microsoft.VisualStudio.TestTools.TestTypes.Unit.UnitTestAdapter, Microsoft.VisualStudio.QualityTools.Tips.UnitTest.Adapter, Version=10.0.0.0, Culture=neutral, PublicKeyToken=b03f5f7f11d50a3a" className="Tests.BusinessTests.PeopleTests, Tests, Version=1.0.0.0, Culture=neutral, PublicKeyToken=null" name="SearchTest_FirstName" />
    </UnitTest>
    <UnitTest name="SearchTest_FirstLast_Match" storage="c:\users\glen\bahai\tallyj\v2d\server\site\tests\bin\debug\tests.dll" id="3fcb5ec7-8186-9c17-46aa-43555f8b9c4f">
      <Execution id="1129431b-46b9-4755-bd5b-acd79328f165" />
      <TestMethod codeBase="C:/Users/Glen/Bahai/TallyJ/V2d/Server/Site/Tests/bin/Debug/Tests.DLL" adapterTypeName="Microsoft.VisualStudio.TestTools.TestTypes.Unit.UnitTestAdapter, Microsoft.VisualStudio.QualityTools.Tips.UnitTest.Adapter, Version=10.0.0.0, Culture=neutral, PublicKeyToken=b03f5f7f11d50a3a" className="Tests.BusinessTests.PeopleTests, Tests, Version=1.0.0.0, Culture=neutral, PublicKeyToken=null" name="SearchTest_FirstLast_Match" />
    </UnitTest>
    <UnitTest name="JoinedAsStringTest1" storage="c:\users\glen\bahai\tallyj\v2d\server\site\tests\bin\debug\tests.dll" id="5c3cc45e-7c98-67cc-9019-c9a2b4732d8c">
      <Execution id="be012fed-1a7e-46a2-b9a0-86dc5072ea9f" />
      <TestMethod codeBase="C:/Users/Glen/Bahai/TallyJ/V2d/Server/Site/Tests/bin/Debug/Tests.DLL" adapterTypeName="Microsoft.VisualStudio.TestTools.TestTypes.Unit.UnitTestAdapter, Microsoft.VisualStudio.QualityTools.Tips.UnitTest.Adapter, Version=10.0.0.0, Culture=neutral, PublicKeyToken=b03f5f7f11d50a3a" className="Tests.FrameworkTests.ExtensionTests, Tests, Version=1.0.0.0, Culture=neutral, PublicKeyToken=null" name="JoinedAsStringTest1" />
    </UnitTest>
    <UnitTest name="SearchTest_FirstLast_NoMatch" storage="c:\users\glen\bahai\tallyj\v2d\server\site\tests\bin\debug\tests.dll" id="8d96ede1-7acc-67d6-1586-6375f18dafdb">
      <Execution id="5bc5b100-3104-4e49-876c-5bcd5d17c987" />
      <TestMethod codeBase="C:/Users/Glen/Bahai/TallyJ/V2d/Server/Site/Tests/bin/Debug/Tests.DLL" adapterTypeName="Microsoft.VisualStudio.TestTools.TestTypes.Unit.UnitTestAdapter, Microsoft.VisualStudio.QualityTools.Tips.UnitTest.Adapter, Version=10.0.0.0, Culture=neutral, PublicKeyToken=b03f5f7f11d50a3a" className="Tests.BusinessTests.PeopleTests, Tests, Version=1.0.0.0, Culture=neutral, PublicKeyToken=null" name="SearchTest_FirstLast_NoMatch" />
    </UnitTest>
  </TestDefinitions>
  <TestLists>
    <TestList name="Results Not in a List" id="8c84fa94-04c1-424b-9868-57a2d4851a1d" />
    <TestList name="All Loaded Results" id="19431567-8539-422a-85d7-44ee4e166bda" />
  </TestLists>
  <TestEntries>
    <TestEntry testId="5c3cc45e-7c98-67cc-9019-c9a2b4732d8c" executionId="be012fed-1a7e-46a2-b9a0-86dc5072ea9f" testListId="8c84fa94-04c1-424b-9868-57a2d4851a1d" />
    <TestEntry testId="343bb677-cf22-3ae5-a231-60662c4b16be" executionId="4936e09d-011c-4ffb-b9a2-2d8273e82d05" testListId="8c84fa94-04c1-424b-9868-57a2d4851a1d" />
    <TestEntry testId="8d96ede1-7acc-67d6-1586-6375f18dafdb" executionId="5bc5b100-3104-4e49-876c-5bcd5d17c987" testListId="8c84fa94-04c1-424b-9868-57a2d4851a1d" />
    <TestEntry testId="3fcb5ec7-8186-9c17-46aa-43555f8b9c4f" executionId="1129431b-46b9-4755-bd5b-acd79328f165" testListId="8c84fa94-04c1-424b-9868-57a2d4851a1d" />
    <TestEntry testId="7eee367a-1e2e-56f5-0d32-cb37b4177a56" executionId="857df030-1b8a-4652-9076-0c002767c8b9" testListId="8c84fa94-04c1-424b-9868-57a2d4851a1d" />
  </TestEntries>
  <Results>
    <UnitTestResult executionId="be012fed-1a7e-46a2-b9a0-86dc5072ea9f" testId="5c3cc45e-7c98-67cc-9019-c9a2b4732d8c" testName="JoinedAsStringTest1" computerName="SUNLAP200" duration="00:00:01.7031250" startTime="2011-10-11T00:50:27.4062500-06:00" endTime="2011-10-11T00:50:29.1093750-06:00" testType="13cdc9d9-ddb5-4fa4-a97d-d965ccfc6d4b" outcome="Aborted" testListId="8c84fa94-04c1-424b-9868-57a2d4851a1d" relativeResultsDirectory="be012fed-1a7e-46a2-b9a0-86dc5072ea9f">
    </UnitTestResult>
    <UnitTestResult executionId="4936e09d-011c-4ffb-b9a2-2d8273e82d05" testId="343bb677-cf22-3ae5-a231-60662c4b16be" testName="SearchTest_FirstName" computerName="SUNLAP200" testType="13cdc9d9-ddb5-4fa4-a97d-d965ccfc6d4b" outcome="NotExecuted" testListId="8c84fa94-04c1-424b-9868-57a2d4851a1d" relativeResultsDirectory="4936e09d-011c-4ffb-b9a2-2d8273e82d05">
    </UnitTestResult>
    <UnitTestResult executionId="5bc5b100-3104-4e49-876c-5bcd5d17c987" testId="8d96ede1-7acc-67d6-1586-6375f18dafdb" testName="SearchTest_FirstLast_NoMatch" computerName="SUNLAP200" testType="13cdc9d9-ddb5-4fa4-a97d-d965ccfc6d4b" outcome="NotExecuted" testListId="8c84fa94-04c1-424b-9868-57a2d4851a1d" relativeResultsDirectory="5bc5b100-3104-4e49-876c-5bcd5d17c987">
    </UnitTestResult>
    <UnitTestResult executionId="1129431b-46b9-4755-bd5b-acd79328f165" testId="3fcb5ec7-8186-9c17-46aa-43555f8b9c4f" testName="SearchTest_FirstLast_Match" computerName="SUNLAP200" testType="13cdc9d9-ddb5-4fa4-a97d-d965ccfc6d4b" outcome="NotExecuted" testListId="8c84fa94-04c1-424b-9868-57a2d4851a1d" relativeResultsDirectory="1129431b-46b9-4755-bd5b-acd79328f165">
    </UnitTestResult>
    <UnitTestResult executionId="857df030-1b8a-4652-9076-0c002767c8b9" testId="7eee367a-1e2e-56f5-0d32-cb37b4177a56" testName="SearchTest_FirstLast_SameMatch" computerName="SUNLAP200" testType="13cdc9d9-ddb5-4fa4-a97d-d965ccfc6d4b" outcome="NotExecuted" testListId="8c84fa94-04c1-424b-9868-57a2d4851a1d" relativeResultsDirectory="857df030-1b8a-4652-9076-0c002767c8b9">
    </UnitTestResult>
  </Results>
</TestRun>