<?xml version="1.0" encoding="UTF-8"?>
<TestRun id="832df2d0-4b79-4182-8242-b101ee71e6bf" name="glittle@SUNLAP200 2011-10-10 20:53:15" runUser="SUNCORP\glittle" xmlns="http://microsoft.com/schemas/VisualStudio/TeamTest/2010">
  <TestSettings name="Local" id="45670355-df23-4383-86da-d2f44957bcac">
    <Description>These are default test settings for a local test run.</Description>
    <Deployment enabled="false" runDeploymentRoot="glittle_SUNLAP200 2011-10-10 20_53_15" />
    <Execution>
      <TestTypeSpecific />
      <AgentRule name="Execution Agents">
      </AgentRule>
    </Execution>
  </TestSettings>
  <Times creation="2011-10-10T20:53:15.5312500-06:00" queuing="2011-10-10T20:53:18.8750000-06:00" start="2011-10-10T20:53:18.9531250-06:00" finish="2011-10-10T20:53:20.1718750-06:00" />
  <ResultSummary outcome="Failed">
    <Counters total="1" executed="1" error="0" failed="1" timeout="0" aborted="0" inconclusive="0" passedButRunAborted="0" notRunnable="0" notExecuted="0" disconnected="0" warning="0" passed="0" completed="0" inProgress="0" pending="0" />
  </ResultSummary>
  <TestDefinitions>
    <UnitTest name="TestMethod1" storage="c:\users\glen\bahai\tallyj\v2d\server\site\tests\bin\debug\tests.dll" id="211e0a47-30b8-60a6-4222-2c968cd0d482">
      <Execution id="60454d4a-ed8f-4c78-95ed-f731a923ddcd" />
      <TestMethod codeBase="C:/Users/Glen/Bahai/TallyJ/V2d/Server/Site/Tests/bin/Debug/Tests.DLL" adapterTypeName="Microsoft.VisualStudio.TestTools.TestTypes.Unit.UnitTestAdapter, Microsoft.VisualStudio.QualityTools.Tips.UnitTest.Adapter, Version=10.0.0.0, Culture=neutral, PublicKeyToken=b03f5f7f11d50a3a" className="Tests.UnitTest1, Tests, Version=1.0.0.0, Culture=neutral, PublicKeyToken=null" name="TestMethod1" />
    </UnitTest>
  </TestDefinitions>
  <TestLists>
    <TestList name="Results Not in a List" id="8c84fa94-04c1-424b-9868-57a2d4851a1d" />
    <TestList name="All Loaded Results" id="19431567-8539-422a-85d7-44ee4e166bda" />
  </TestLists>
  <TestEntries>
    <TestEntry testId="211e0a47-30b8-60a6-4222-2c968cd0d482" executionId="60454d4a-ed8f-4c78-95ed-f731a923ddcd" testListId="8c84fa94-04c1-424b-9868-57a2d4851a1d" />
  </TestEntries>
  <Results>
    <UnitTestResult executionId="60454d4a-ed8f-4c78-95ed-f731a923ddcd" testId="211e0a47-30b8-60a6-4222-2c968cd0d482" testName="TestMethod1" computerName="SUNLAP200" duration="00:00:00.0805113" startTime="2011-10-10T20:53:18.9687500-06:00" endTime="2011-10-10T20:53:19.7812500-06:00" testType="13cdc9d9-ddb5-4fa4-a97d-d965ccfc6d4b" outcome="Failed" testListId="8c84fa94-04c1-424b-9868-57a2d4851a1d" relativeResultsDirectory="60454d4a-ed8f-4c78-95ed-f731a923ddcd">
      <Output>
        <ErrorInfo>
          <Message>Assert.AreEqual failed. Expected:&lt;1&gt;. Actual:&lt;2&gt;. </Message>
          <StackTrace>   at Tests.UnitTest1.TestMethod1() in C:\Users\Glen\Bahai\TallyJ\V2d\Server\Site\Tests\UnitTest1.cs:line 15
</StackTrace>
        </ErrorInfo>
      </Output>
    </UnitTestResult>
  </Results>
</TestRun>